  Ball.cpp
d:\github\ponggame\second\pong\pong\ball.cpp(17): warning C4244: 'argument': conversion from 'T' to 'float', possible loss of data
          with
          [
              T=unsigned int
          ]
  MainGame.cpp
d:\github\ponggame\second\pong\pong\maingame.cpp(13): warning C4244: 'argument': conversion from 'T' to 'float', possible loss of data
          with
          [
              T=unsigned int
          ]
d:\github\ponggame\second\pong\pong\maingame.cpp(16): warning C4244: 'argument': conversion from 'double' to 'float', possible loss of data
  MainMenu.cpp
d:\github\ponggame\second\pong\pong\mainmenu.cpp(13): warning C4244: 'argument': conversion from 'T' to 'float', possible loss of data
          with
          [
              T=unsigned int
          ]
d:\github\ponggame\second\pong\pong\mainmenu.cpp(17): warning C4244: 'argument': conversion from 'T' to 'float', possible loss of data
          with
          [
              T=unsigned int
          ]
d:\github\ponggame\second\pong\pong\mainmenu.cpp(22): warning C4244: 'argument': conversion from 'T' to 'float', possible loss of data
          with
          [
              T=unsigned int
          ]
d:\github\ponggame\second\pong\pong\mainmenu.cpp(26): warning C4244: 'argument': conversion from 'T' to 'float', possible loss of data
          with
          [
              T=unsigned int
          ]
  Score.cpp
  Generating Code...
  Pong.vcxproj -> D:\GITHUB\PongGame\Second\Pong\x64\Debug\Pong.exe
